

============================== 2022-01-19 22:19:53.940401 | 32209b32-c147-4af1-94db-d598d7bdcb72 ==============================
22:19:53.940401 [info ] [MainThread]: Running with dbt=1.0.1
22:19:53.942576 [debug] [MainThread]: running dbt with arguments Namespace(record_timing_info=None, debug=None, log_format=None, write_json=None, use_colors=None, printer_width=None, warn_error=None, version_check=None, partial_parse=None, single_threaded=False, use_experimental_parser=None, static_parser=None, profiles_dir='/home/blueberry/.dbt', send_anonymous_usage_stats=None, fail_fast=None, event_buffer_size=None, project_dir=None, profile=None, target=None, vars='{}', log_cache_events=False, project_name=None, skip_profile_setup=False, defer=None, state=None, cls=<class 'dbt.task.init.InitTask'>, which='init', rpc_method=None)
22:19:53.943862 [debug] [MainThread]: Tracking: tracking
22:19:53.956979 [debug] [MainThread]: Sending event: {'category': 'dbt', 'action': 'invocation', 'label': 'start', 'context': [<snowplow_tracker.self_describing_json.SelfDescribingJson object at 0x7f4aede55d30>, <snowplow_tracker.self_describing_json.SelfDescribingJson object at 0x7f4aede55b50>, <snowplow_tracker.self_describing_json.SelfDescribingJson object at 0x7f4aede55c40>]}
22:19:53.960472 [info ] [MainThread]: Creating dbt configuration folder at /home/blueberry/.dbt
22:20:24.102275 [debug] [MainThread]: Starter project path: /home/blueberry/.local/share/virtualenvs/dbt_tutorial-XMvtApbf/lib/python3.9/site-packages/dbt/include/starter_project
07:07:02.266397 [info ] [MainThread]: 
Your new dbt project "dbt_tutorial" was created!

For more information on how to configure the profiles.yml file,
please consult the dbt documentation here:

  https://docs.getdbt.com/docs/configure-your-profile

One more thing:

Need help? Don't hesitate to reach out to us via GitHub issues or on Slack:

  https://community.getdbt.com/

Happy modeling!

07:07:02.277310 [debug] [MainThread]: Sending event: {'category': 'dbt', 'action': 'invocation', 'label': 'end', 'context': [<snowplow_tracker.self_describing_json.SelfDescribingJson object at 0x7f4aec638a60>, <snowplow_tracker.self_describing_json.SelfDescribingJson object at 0x7f4aec634610>, <snowplow_tracker.self_describing_json.SelfDescribingJson object at 0x7f4aec634fd0>]}


============================== 2022-01-20 07:07:16.112877 | 63e05345-6858-419e-9abf-2211fd08737d ==============================
07:07:16.112877 [info ] [MainThread]: Running with dbt=1.0.1
07:07:16.113402 [debug] [MainThread]: running dbt with arguments Namespace(record_timing_info=None, debug=None, log_format=None, write_json=None, use_colors=None, printer_width=None, warn_error=None, version_check=None, partial_parse=None, single_threaded=False, use_experimental_parser=None, static_parser=None, profiles_dir='/home/blueberry/.dbt', send_anonymous_usage_stats=None, fail_fast=None, event_buffer_size=None, project_dir=None, profile=None, target=None, vars='{}', log_cache_events=False, config_dir=False, defer=None, state=None, cls=<class 'dbt.task.debug.DebugTask'>, which='debug', rpc_method=None)
07:07:16.113749 [debug] [MainThread]: Tracking: tracking
07:07:16.121025 [debug] [MainThread]: Sending event: {'category': 'dbt', 'action': 'invocation', 'label': 'start', 'context': [<snowplow_tracker.self_describing_json.SelfDescribingJson object at 0x7feeb2c20a60>, <snowplow_tracker.self_describing_json.SelfDescribingJson object at 0x7feeb2c209a0>, <snowplow_tracker.self_describing_json.SelfDescribingJson object at 0x7feeb2c20940>]}
07:07:16.181483 [debug] [MainThread]: Executing "git --help"
07:07:16.188845 [debug] [MainThread]: STDOUT: "b"usage: git [--version] [--help] [-C <path>] [-c <name>=<value>]\n           [--exec-path[=<path>]] [--html-path] [--man-path] [--info-path]\n           [-p | --paginate | -P | --no-pager] [--no-replace-objects] [--bare]\n           [--git-dir=<path>] [--work-tree=<path>] [--namespace=<name>]\n           <command> [<args>]\n\nThese are common Git commands used in various situations:\n\nstart a working area (see also: git help tutorial)\n   clone             Clone a repository into a new directory\n   init              Create an empty Git repository or reinitialize an existing one\n\nwork on the current change (see also: git help everyday)\n   add               Add file contents to the index\n   mv                Move or rename a file, a directory, or a symlink\n   restore           Restore working tree files\n   rm                Remove files from the working tree and from the index\n   sparse-checkout   Initialize and modify the sparse-checkout\n\nexamine the history and state (see also: git help revisions)\n   bisect            Use binary search to find the commit that introduced a bug\n   diff              Show changes between commits, commit and working tree, etc\n   grep              Print lines matching a pattern\n   log               Show commit logs\n   show              Show various types of objects\n   status            Show the working tree status\n\ngrow, mark and tweak your common history\n   branch            List, create, or delete branches\n   commit            Record changes to the repository\n   merge             Join two or more development histories together\n   rebase            Reapply commits on top of another base tip\n   reset             Reset current HEAD to the specified state\n   switch            Switch branches\n   tag               Create, list, delete or verify a tag object signed with GPG\n\ncollaborate (see also: git help workflows)\n   fetch             Download objects and refs from another repository\n   pull              Fetch from and integrate with another repository or a local branch\n   push              Update remote refs along with associated objects\n\n'git help -a' and 'git help -g' list available subcommands and some\nconcept guides. See 'git help <command>' or 'git help <concept>'\nto read about a specific subcommand or concept.\nSee 'git help git' for an overview of the system.\n""
07:07:16.189424 [debug] [MainThread]: STDERR: "b''"
07:07:16.190046 [debug] [MainThread]: Sending event: {'category': 'dbt', 'action': 'invocation', 'label': 'end', 'context': [<snowplow_tracker.self_describing_json.SelfDescribingJson object at 0x7feeb1390c10>, <snowplow_tracker.self_describing_json.SelfDescribingJson object at 0x7feeb1390a60>, <snowplow_tracker.self_describing_json.SelfDescribingJson object at 0x7feeb13aedf0>]}


============================== 2022-01-20 07:14:19.692900 | a42e6d7b-2eb7-42be-9ee1-206c7c6ef5cc ==============================
07:14:19.692900 [info ] [MainThread]: Running with dbt=1.0.1
07:14:19.859880 [debug] [MainThread]: running dbt with arguments Namespace(record_timing_info=None, debug=None, log_format=None, write_json=None, use_colors=None, printer_width=None, warn_error=None, version_check=None, partial_parse=None, single_threaded=False, use_experimental_parser=None, static_parser=None, profiles_dir='/home/blueberry/.dbt', send_anonymous_usage_stats=None, fail_fast=None, event_buffer_size=None, project_dir=None, profile=None, target=None, vars='{}', log_cache_events=False, config_dir=False, defer=None, state=None, cls=<class 'dbt.task.debug.DebugTask'>, which='debug', rpc_method=None)
07:14:19.860210 [debug] [MainThread]: Tracking: tracking
07:14:19.867076 [debug] [MainThread]: Sending event: {'category': 'dbt', 'action': 'invocation', 'label': 'start', 'context': [<snowplow_tracker.self_describing_json.SelfDescribingJson object at 0x7fd3e9bd9a30>, <snowplow_tracker.self_describing_json.SelfDescribingJson object at 0x7fd3e9bd9880>, <snowplow_tracker.self_describing_json.SelfDescribingJson object at 0x7fd3e9bd9970>]}
07:14:19.939707 [debug] [MainThread]: Executing "git --help"
07:14:19.956792 [debug] [MainThread]: STDOUT: "b"usage: git [--version] [--help] [-C <path>] [-c <name>=<value>]\n           [--exec-path[=<path>]] [--html-path] [--man-path] [--info-path]\n           [-p | --paginate | -P | --no-pager] [--no-replace-objects] [--bare]\n           [--git-dir=<path>] [--work-tree=<path>] [--namespace=<name>]\n           <command> [<args>]\n\nThese are common Git commands used in various situations:\n\nstart a working area (see also: git help tutorial)\n   clone             Clone a repository into a new directory\n   init              Create an empty Git repository or reinitialize an existing one\n\nwork on the current change (see also: git help everyday)\n   add               Add file contents to the index\n   mv                Move or rename a file, a directory, or a symlink\n   restore           Restore working tree files\n   rm                Remove files from the working tree and from the index\n   sparse-checkout   Initialize and modify the sparse-checkout\n\nexamine the history and state (see also: git help revisions)\n   bisect            Use binary search to find the commit that introduced a bug\n   diff              Show changes between commits, commit and working tree, etc\n   grep              Print lines matching a pattern\n   log               Show commit logs\n   show              Show various types of objects\n   status            Show the working tree status\n\ngrow, mark and tweak your common history\n   branch            List, create, or delete branches\n   commit            Record changes to the repository\n   merge             Join two or more development histories together\n   rebase            Reapply commits on top of another base tip\n   reset             Reset current HEAD to the specified state\n   switch            Switch branches\n   tag               Create, list, delete or verify a tag object signed with GPG\n\ncollaborate (see also: git help workflows)\n   fetch             Download objects and refs from another repository\n   pull              Fetch from and integrate with another repository or a local branch\n   push              Update remote refs along with associated objects\n\n'git help -a' and 'git help -g' list available subcommands and some\nconcept guides. See 'git help <command>' or 'git help <concept>'\nto read about a specific subcommand or concept.\nSee 'git help git' for an overview of the system.\n""
07:14:19.957668 [debug] [MainThread]: STDERR: "b''"
07:14:19.958896 [debug] [MainThread]: Sending event: {'category': 'dbt', 'action': 'invocation', 'label': 'end', 'context': [<snowplow_tracker.self_describing_json.SelfDescribingJson object at 0x7fd3e834c1c0>, <snowplow_tracker.self_describing_json.SelfDescribingJson object at 0x7fd3e834b2e0>, <snowplow_tracker.self_describing_json.SelfDescribingJson object at 0x7fd3e834b340>]}


============================== 2022-01-20 07:14:43.174621 | 0a5c118a-b54b-4885-8603-7fa061dc7cb1 ==============================
07:14:43.174621 [info ] [MainThread]: Running with dbt=1.0.1
07:14:43.175223 [debug] [MainThread]: running dbt with arguments Namespace(record_timing_info=None, debug=None, log_format=None, write_json=None, use_colors=None, printer_width=None, warn_error=None, version_check=None, partial_parse=None, single_threaded=False, use_experimental_parser=None, static_parser=None, profiles_dir='/home/blueberry/.dbt', send_anonymous_usage_stats=None, fail_fast=None, event_buffer_size=None, project_dir=None, profile=None, target=None, vars='{}', log_cache_events=False, config_dir=False, defer=None, state=None, cls=<class 'dbt.task.debug.DebugTask'>, which='debug', rpc_method=None)
07:14:43.175553 [debug] [MainThread]: Tracking: tracking
07:14:43.179908 [debug] [MainThread]: Sending event: {'category': 'dbt', 'action': 'invocation', 'label': 'start', 'context': [<snowplow_tracker.self_describing_json.SelfDescribingJson object at 0x7f26eeaee9d0>, <snowplow_tracker.self_describing_json.SelfDescribingJson object at 0x7f26eeaee970>, <snowplow_tracker.self_describing_json.SelfDescribingJson object at 0x7f26eeaee910>]}
07:14:43.269559 [debug] [MainThread]: Executing "git --help"
07:14:43.276411 [debug] [MainThread]: STDOUT: "b"usage: git [--version] [--help] [-C <path>] [-c <name>=<value>]\n           [--exec-path[=<path>]] [--html-path] [--man-path] [--info-path]\n           [-p | --paginate | -P | --no-pager] [--no-replace-objects] [--bare]\n           [--git-dir=<path>] [--work-tree=<path>] [--namespace=<name>]\n           <command> [<args>]\n\nThese are common Git commands used in various situations:\n\nstart a working area (see also: git help tutorial)\n   clone             Clone a repository into a new directory\n   init              Create an empty Git repository or reinitialize an existing one\n\nwork on the current change (see also: git help everyday)\n   add               Add file contents to the index\n   mv                Move or rename a file, a directory, or a symlink\n   restore           Restore working tree files\n   rm                Remove files from the working tree and from the index\n   sparse-checkout   Initialize and modify the sparse-checkout\n\nexamine the history and state (see also: git help revisions)\n   bisect            Use binary search to find the commit that introduced a bug\n   diff              Show changes between commits, commit and working tree, etc\n   grep              Print lines matching a pattern\n   log               Show commit logs\n   show              Show various types of objects\n   status            Show the working tree status\n\ngrow, mark and tweak your common history\n   branch            List, create, or delete branches\n   commit            Record changes to the repository\n   merge             Join two or more development histories together\n   rebase            Reapply commits on top of another base tip\n   reset             Reset current HEAD to the specified state\n   switch            Switch branches\n   tag               Create, list, delete or verify a tag object signed with GPG\n\ncollaborate (see also: git help workflows)\n   fetch             Download objects and refs from another repository\n   pull              Fetch from and integrate with another repository or a local branch\n   push              Update remote refs along with associated objects\n\n'git help -a' and 'git help -g' list available subcommands and some\nconcept guides. See 'git help <command>' or 'git help <concept>'\nto read about a specific subcommand or concept.\nSee 'git help git' for an overview of the system.\n""
07:14:43.277056 [debug] [MainThread]: STDERR: "b''"
07:14:43.308254 [debug] [MainThread]: Acquiring new postgres connection "debug"
07:14:43.309215 [debug] [MainThread]: Using postgres connection "debug"
07:14:43.309481 [debug] [MainThread]: On debug: select 1 as id
07:14:43.309727 [debug] [MainThread]: Opening a new connection, currently in state init
07:14:43.434606 [debug] [MainThread]: SQL status: SELECT 1 in 0.12 seconds
07:14:43.436160 [debug] [MainThread]: On debug: Close
07:14:43.436764 [debug] [MainThread]: Sending event: {'category': 'dbt', 'action': 'invocation', 'label': 'end', 'context': [<snowplow_tracker.self_describing_json.SelfDescribingJson object at 0x7f26ed262a30>, <snowplow_tracker.self_describing_json.SelfDescribingJson object at 0x7f26ed2623d0>, <snowplow_tracker.self_describing_json.SelfDescribingJson object at 0x7f26ed262910>]}
07:14:44.565085 [debug] [MainThread]: Connection 'debug' was properly closed.


============================== 2022-01-20 07:18:34.186221 | 78c6da86-20ae-4a12-94c7-ff98339a47d5 ==============================
07:18:34.186221 [info ] [MainThread]: Running with dbt=1.0.1
07:18:34.186818 [debug] [MainThread]: running dbt with arguments Namespace(record_timing_info=None, debug=None, log_format=None, write_json=None, use_colors=None, printer_width=None, warn_error=None, version_check=None, partial_parse=None, single_threaded=False, use_experimental_parser=None, static_parser=None, profiles_dir='/home/blueberry/.dbt', send_anonymous_usage_stats=None, fail_fast=None, event_buffer_size=None, project_dir=None, profile=None, target=None, vars='{}', log_cache_events=False, config_dir=False, defer=None, state=None, cls=<class 'dbt.task.debug.DebugTask'>, which='debug', rpc_method=None)
07:18:34.187183 [debug] [MainThread]: Tracking: tracking
07:18:34.193402 [debug] [MainThread]: Sending event: {'category': 'dbt', 'action': 'invocation', 'label': 'start', 'context': [<snowplow_tracker.self_describing_json.SelfDescribingJson object at 0x7f7d17636ac0>, <snowplow_tracker.self_describing_json.SelfDescribingJson object at 0x7f7d17636910>, <snowplow_tracker.self_describing_json.SelfDescribingJson object at 0x7f7d17636a00>]}
07:18:34.284744 [debug] [MainThread]: Executing "git --help"
07:18:34.291290 [debug] [MainThread]: STDOUT: "b"usage: git [--version] [--help] [-C <path>] [-c <name>=<value>]\n           [--exec-path[=<path>]] [--html-path] [--man-path] [--info-path]\n           [-p | --paginate | -P | --no-pager] [--no-replace-objects] [--bare]\n           [--git-dir=<path>] [--work-tree=<path>] [--namespace=<name>]\n           <command> [<args>]\n\nThese are common Git commands used in various situations:\n\nstart a working area (see also: git help tutorial)\n   clone             Clone a repository into a new directory\n   init              Create an empty Git repository or reinitialize an existing one\n\nwork on the current change (see also: git help everyday)\n   add               Add file contents to the index\n   mv                Move or rename a file, a directory, or a symlink\n   restore           Restore working tree files\n   rm                Remove files from the working tree and from the index\n   sparse-checkout   Initialize and modify the sparse-checkout\n\nexamine the history and state (see also: git help revisions)\n   bisect            Use binary search to find the commit that introduced a bug\n   diff              Show changes between commits, commit and working tree, etc\n   grep              Print lines matching a pattern\n   log               Show commit logs\n   show              Show various types of objects\n   status            Show the working tree status\n\ngrow, mark and tweak your common history\n   branch            List, create, or delete branches\n   commit            Record changes to the repository\n   merge             Join two or more development histories together\n   rebase            Reapply commits on top of another base tip\n   reset             Reset current HEAD to the specified state\n   switch            Switch branches\n   tag               Create, list, delete or verify a tag object signed with GPG\n\ncollaborate (see also: git help workflows)\n   fetch             Download objects and refs from another repository\n   pull              Fetch from and integrate with another repository or a local branch\n   push              Update remote refs along with associated objects\n\n'git help -a' and 'git help -g' list available subcommands and some\nconcept guides. See 'git help <command>' or 'git help <concept>'\nto read about a specific subcommand or concept.\nSee 'git help git' for an overview of the system.\n""
07:18:34.292103 [debug] [MainThread]: STDERR: "b''"
07:18:34.299332 [debug] [MainThread]: Acquiring new postgres connection "debug"
07:18:34.300417 [debug] [MainThread]: Using postgres connection "debug"
07:18:34.300702 [debug] [MainThread]: On debug: select 1 as id
07:18:34.300989 [debug] [MainThread]: Opening a new connection, currently in state init
07:18:34.321543 [debug] [MainThread]: SQL status: SELECT 1 in 0.02 seconds
07:18:34.323768 [debug] [MainThread]: On debug: Close
07:18:34.324698 [debug] [MainThread]: Sending event: {'category': 'dbt', 'action': 'invocation', 'label': 'end', 'context': [<snowplow_tracker.self_describing_json.SelfDescribingJson object at 0x7f7d15dbccd0>, <snowplow_tracker.self_describing_json.SelfDescribingJson object at 0x7f7d15dbc8e0>, <snowplow_tracker.self_describing_json.SelfDescribingJson object at 0x7f7d15dbc1c0>]}
07:18:35.877615 [debug] [MainThread]: Connection 'debug' was properly closed.


============================== 2022-01-20 07:23:59.567029 | 4fa841ad-7a0b-4832-9430-f4e2e66c3bed ==============================
07:23:59.567029 [info ] [MainThread]: Running with dbt=1.0.1
07:23:59.567608 [debug] [MainThread]: running dbt with arguments Namespace(record_timing_info=None, debug=None, log_format=None, write_json=None, use_colors=None, printer_width=None, warn_error=None, version_check=None, partial_parse=None, single_threaded=False, use_experimental_parser=None, static_parser=None, profiles_dir='/home/blueberry/.dbt', send_anonymous_usage_stats=None, fail_fast=None, event_buffer_size=None, project_dir=None, profile=None, target=None, vars='{}', log_cache_events=False, config_dir=False, defer=None, state=None, cls=<class 'dbt.task.debug.DebugTask'>, which='debug', rpc_method=None)
07:23:59.567969 [debug] [MainThread]: Tracking: tracking
07:23:59.575580 [debug] [MainThread]: Sending event: {'category': 'dbt', 'action': 'invocation', 'label': 'start', 'context': [<snowplow_tracker.self_describing_json.SelfDescribingJson object at 0x7f1bd81e0a90>, <snowplow_tracker.self_describing_json.SelfDescribingJson object at 0x7f1bd81e08e0>, <snowplow_tracker.self_describing_json.SelfDescribingJson object at 0x7f1bd81e09d0>]}
07:23:59.688239 [debug] [MainThread]: Executing "git --help"
07:23:59.696757 [debug] [MainThread]: STDOUT: "b"usage: git [--version] [--help] [-C <path>] [-c <name>=<value>]\n           [--exec-path[=<path>]] [--html-path] [--man-path] [--info-path]\n           [-p | --paginate | -P | --no-pager] [--no-replace-objects] [--bare]\n           [--git-dir=<path>] [--work-tree=<path>] [--namespace=<name>]\n           <command> [<args>]\n\nThese are common Git commands used in various situations:\n\nstart a working area (see also: git help tutorial)\n   clone             Clone a repository into a new directory\n   init              Create an empty Git repository or reinitialize an existing one\n\nwork on the current change (see also: git help everyday)\n   add               Add file contents to the index\n   mv                Move or rename a file, a directory, or a symlink\n   restore           Restore working tree files\n   rm                Remove files from the working tree and from the index\n   sparse-checkout   Initialize and modify the sparse-checkout\n\nexamine the history and state (see also: git help revisions)\n   bisect            Use binary search to find the commit that introduced a bug\n   diff              Show changes between commits, commit and working tree, etc\n   grep              Print lines matching a pattern\n   log               Show commit logs\n   show              Show various types of objects\n   status            Show the working tree status\n\ngrow, mark and tweak your common history\n   branch            List, create, or delete branches\n   commit            Record changes to the repository\n   merge             Join two or more development histories together\n   rebase            Reapply commits on top of another base tip\n   reset             Reset current HEAD to the specified state\n   switch            Switch branches\n   tag               Create, list, delete or verify a tag object signed with GPG\n\ncollaborate (see also: git help workflows)\n   fetch             Download objects and refs from another repository\n   pull              Fetch from and integrate with another repository or a local branch\n   push              Update remote refs along with associated objects\n\n'git help -a' and 'git help -g' list available subcommands and some\nconcept guides. See 'git help <command>' or 'git help <concept>'\nto read about a specific subcommand or concept.\nSee 'git help git' for an overview of the system.\n""
07:23:59.697665 [debug] [MainThread]: STDERR: "b''"
07:23:59.706272 [debug] [MainThread]: Acquiring new postgres connection "debug"
07:23:59.707726 [debug] [MainThread]: Using postgres connection "debug"
07:23:59.708265 [debug] [MainThread]: On debug: select 1 as id
07:23:59.710711 [debug] [MainThread]: Opening a new connection, currently in state init
07:23:59.739615 [debug] [MainThread]: SQL status: SELECT 1 in 0.03 seconds
07:23:59.741931 [debug] [MainThread]: On debug: Close
07:23:59.745456 [debug] [MainThread]: Sending event: {'category': 'dbt', 'action': 'invocation', 'label': 'end', 'context': [<snowplow_tracker.self_describing_json.SelfDescribingJson object at 0x7f1bd6955a00>, <snowplow_tracker.self_describing_json.SelfDescribingJson object at 0x7f1bd6955e80>, <snowplow_tracker.self_describing_json.SelfDescribingJson object at 0x7f1bd6955940>]}
07:24:01.021695 [debug] [MainThread]: Connection 'debug' was properly closed.
